<?xml version="1.0" encoding="UTF-8"?>
<!-- Generated by org.testng.reporters.JUnitReportReporter -->
<testsuite name="com.test.Automation.uiAutomation.homePage.TC001_VerifyLoginWithInvalidDetails" tests="1" time="15.781" ignored="0" failures="0" timestamp="10 Aug 2017 08:29:45 GMT" skipped="0" hostname="Atul-Sharma" errors="0">
  <testcase name="verifyLoginWithInvalidDetails" time="15.781" classname="com.test.Automation.uiAutomation.homePage.TC001_VerifyLoginWithInvalidDetails"/>
</testsuite> <!-- com.test.Automation.uiAutomation.homePage.TC001_VerifyLoginWithInvalidDetails -->
